2024-09-13 12:07:29,013 - INFO - Training with normal images started
2024-09-13 12:07:47,557 - INFO - Epoch 1/30
2024-09-13 12:07:47,557 - INFO - accuracy: 0.5151
2024-09-13 12:07:47,557 - INFO - loss: 0.9759
2024-09-13 12:07:47,557 - INFO - val_accuracy: 0.5672
2024-09-13 12:07:47,557 - INFO - val_loss: 1.9899
2024-09-13 12:07:54,969 - INFO - Epoch 2/30
2024-09-13 12:07:54,969 - INFO - accuracy: 0.5973
2024-09-13 12:07:54,969 - INFO - loss: 0.8929
2024-09-13 12:07:54,969 - INFO - val_accuracy: 0.5672
2024-09-13 12:07:54,969 - INFO - val_loss: 1.3318
2024-09-13 12:08:02,358 - INFO - Epoch 3/30
2024-09-13 12:08:02,358 - INFO - accuracy: 0.6376
2024-09-13 12:08:02,358 - INFO - loss: 0.8267
2024-09-13 12:08:02,358 - INFO - val_accuracy: 0.5672
2024-09-13 12:08:02,358 - INFO - val_loss: 1.5417
2024-09-13 12:08:09,799 - INFO - Epoch 4/30
2024-09-13 12:08:09,799 - INFO - accuracy: 0.6409
2024-09-13 12:08:09,799 - INFO - loss: 0.7615
2024-09-13 12:08:09,799 - INFO - val_accuracy: 0.5672
2024-09-13 12:08:09,799 - INFO - val_loss: 1.3498
2024-09-13 12:08:17,909 - INFO - Epoch 5/30
2024-09-13 12:08:17,909 - INFO - accuracy: 0.6711
2024-09-13 12:08:17,909 - INFO - loss: 0.7474
2024-09-13 12:08:17,909 - INFO - val_accuracy: 0.5672
2024-09-13 12:08:17,909 - INFO - val_loss: 1.3500
2024-09-13 12:08:25,729 - INFO - Epoch 6/30
2024-09-13 12:08:25,730 - INFO - accuracy: 0.6695
2024-09-13 12:08:25,730 - INFO - loss: 0.7149
2024-09-13 12:08:25,730 - INFO - val_accuracy: 0.5672
2024-09-13 12:08:25,730 - INFO - val_loss: 1.3202
2024-09-13 12:08:36,129 - INFO - Epoch 7/30
2024-09-13 12:08:36,129 - INFO - accuracy: 0.6980
2024-09-13 12:08:36,129 - INFO - loss: 0.7064
2024-09-13 12:08:36,129 - INFO - val_accuracy: 0.5672
2024-09-13 12:08:36,129 - INFO - val_loss: 0.9439
2024-09-13 12:08:44,050 - INFO - Epoch 8/30
2024-09-13 12:08:44,050 - INFO - accuracy: 0.7232
2024-09-13 12:08:44,050 - INFO - loss: 0.6487
2024-09-13 12:08:44,050 - INFO - val_accuracy: 0.6119
2024-09-13 12:08:44,050 - INFO - val_loss: 0.8357
2024-09-13 12:08:51,584 - INFO - Epoch 9/30
2024-09-13 12:08:51,584 - INFO - accuracy: 0.7383
2024-09-13 12:08:51,584 - INFO - loss: 0.6358
2024-09-13 12:08:51,584 - INFO - val_accuracy: 0.5970
2024-09-13 12:08:51,584 - INFO - val_loss: 0.8007
2024-09-13 12:08:59,001 - INFO - Epoch 10/30
2024-09-13 12:08:59,001 - INFO - accuracy: 0.7215
2024-09-13 12:08:59,001 - INFO - loss: 0.6404
2024-09-13 12:08:59,001 - INFO - val_accuracy: 0.6567
2024-09-13 12:08:59,001 - INFO - val_loss: 0.7340
2024-09-13 12:09:06,349 - INFO - Epoch 11/30
2024-09-13 12:09:06,349 - INFO - accuracy: 0.7651
2024-09-13 12:09:06,349 - INFO - loss: 0.5624
2024-09-13 12:09:06,349 - INFO - val_accuracy: 0.7463
2024-09-13 12:09:06,349 - INFO - val_loss: 0.7000
2024-09-13 12:09:14,391 - INFO - Epoch 12/30
2024-09-13 12:09:14,391 - INFO - accuracy: 0.7836
2024-09-13 12:09:14,391 - INFO - loss: 0.5233
2024-09-13 12:09:14,391 - INFO - val_accuracy: 0.7313
2024-09-13 12:09:14,391 - INFO - val_loss: 0.6892
2024-09-13 12:09:21,795 - INFO - Epoch 13/30
2024-09-13 12:09:21,795 - INFO - accuracy: 0.7718
2024-09-13 12:09:21,795 - INFO - loss: 0.5336
2024-09-13 12:09:21,795 - INFO - val_accuracy: 0.7612
2024-09-13 12:09:21,795 - INFO - val_loss: 0.6852
2024-09-13 12:09:29,758 - INFO - Epoch 14/30
2024-09-13 12:09:29,758 - INFO - accuracy: 0.7534
2024-09-13 12:09:29,758 - INFO - loss: 0.5504
2024-09-13 12:09:29,758 - INFO - val_accuracy: 0.7463
2024-09-13 12:09:29,758 - INFO - val_loss: 0.7229
2024-09-13 12:09:37,094 - INFO - Epoch 15/30
2024-09-13 12:09:37,094 - INFO - accuracy: 0.8171
2024-09-13 12:09:37,094 - INFO - loss: 0.5007
2024-09-13 12:09:37,094 - INFO - val_accuracy: 0.7910
2024-09-13 12:09:37,094 - INFO - val_loss: 0.6883
2024-09-13 12:09:45,020 - INFO - Epoch 16/30
2024-09-13 12:09:45,020 - INFO - accuracy: 0.7852
2024-09-13 12:09:45,020 - INFO - loss: 0.5388
2024-09-13 12:09:45,020 - INFO - val_accuracy: 0.7612
2024-09-13 12:09:45,020 - INFO - val_loss: 0.6947
2024-09-13 12:09:52,606 - INFO - Epoch 17/30
2024-09-13 12:09:52,606 - INFO - accuracy: 0.8238
2024-09-13 12:09:52,606 - INFO - loss: 0.4757
2024-09-13 12:09:52,606 - INFO - val_accuracy: 0.7761
2024-09-13 12:09:52,606 - INFO - val_loss: 0.6766
2024-09-13 12:10:02,947 - INFO - Epoch 18/30
2024-09-13 12:10:02,947 - INFO - accuracy: 0.8272
2024-09-13 12:10:02,947 - INFO - loss: 0.4354
2024-09-13 12:10:02,947 - INFO - val_accuracy: 0.7015
2024-09-13 12:10:02,947 - INFO - val_loss: 0.7902
2024-09-13 12:10:10,245 - INFO - Epoch 19/30
2024-09-13 12:10:10,245 - INFO - accuracy: 0.8238
2024-09-13 12:10:10,245 - INFO - loss: 0.4375
2024-09-13 12:10:10,245 - INFO - val_accuracy: 0.8060
2024-09-13 12:10:10,245 - INFO - val_loss: 0.7316
2024-09-13 12:10:18,617 - INFO - Epoch 20/30
2024-09-13 12:10:18,617 - INFO - accuracy: 0.8708
2024-09-13 12:10:18,617 - INFO - loss: 0.3731
2024-09-13 12:10:18,617 - INFO - val_accuracy: 0.7910
2024-09-13 12:10:18,617 - INFO - val_loss: 0.8022
2024-09-13 12:10:25,793 - INFO - Epoch 21/30
2024-09-13 12:10:25,793 - INFO - accuracy: 0.8490
2024-09-13 12:10:25,793 - INFO - loss: 0.4219
2024-09-13 12:10:25,793 - INFO - val_accuracy: 0.7761
2024-09-13 12:10:25,793 - INFO - val_loss: 0.7879
2024-09-13 12:10:40,841 - INFO - Train accuracy = 0.9413
2024-09-13 12:10:40,841 - INFO - Validation accuracy = 0.7761
2024-09-13 12:10:40,841 - INFO - Test accuracy = 0.7607
2024-09-13 12:10:40,841 - INFO - F1 score = 0.7590
2024-09-13 12:10:40,841 - INFO - Kappa score = 0.6066
2024-09-13 12:10:40,841 - INFO - ROC AUC score = 0.8868
2024-09-13 12:10:58,214 - INFO - Training with masked images started
2024-09-13 12:11:28,187 - INFO - Epoch 1/30
2024-09-13 12:11:28,187 - INFO - accuracy: 0.6225
2024-09-13 12:11:28,187 - INFO - loss: 0.8259
2024-09-13 12:11:28,187 - INFO - val_accuracy: 0.5821
2024-09-13 12:11:28,187 - INFO - val_loss: 1.0110
2024-09-13 12:11:35,845 - INFO - Epoch 2/30
2024-09-13 12:11:35,845 - INFO - accuracy: 0.8221
2024-09-13 12:11:35,845 - INFO - loss: 0.4555
2024-09-13 12:11:35,845 - INFO - val_accuracy: 0.7015
2024-09-13 12:11:35,845 - INFO - val_loss: 1.0546
2024-09-13 12:11:44,295 - INFO - Epoch 3/30
2024-09-13 12:11:44,295 - INFO - accuracy: 0.8591
2024-09-13 12:11:44,295 - INFO - loss: 0.3780
2024-09-13 12:11:44,295 - INFO - val_accuracy: 0.6716
2024-09-13 12:11:44,295 - INFO - val_loss: 0.9374
2024-09-13 12:11:51,718 - INFO - Epoch 4/30
2024-09-13 12:11:51,718 - INFO - accuracy: 0.9144
2024-09-13 12:11:51,718 - INFO - loss: 0.2911
2024-09-13 12:11:51,718 - INFO - val_accuracy: 0.6866
2024-09-13 12:11:51,718 - INFO - val_loss: 0.8927
2024-09-13 12:11:59,163 - INFO - Epoch 5/30
2024-09-13 12:11:59,168 - INFO - accuracy: 0.9228
2024-09-13 12:11:59,168 - INFO - loss: 0.2567
2024-09-13 12:11:59,168 - INFO - val_accuracy: 0.7164
2024-09-13 12:11:59,168 - INFO - val_loss: 0.7617
2024-09-13 12:12:06,729 - INFO - Epoch 6/30
2024-09-13 12:12:06,729 - INFO - accuracy: 0.9295
2024-09-13 12:12:06,729 - INFO - loss: 0.2106
2024-09-13 12:12:06,729 - INFO - val_accuracy: 0.7463
2024-09-13 12:12:06,729 - INFO - val_loss: 0.5908
2024-09-13 12:12:14,349 - INFO - Epoch 7/30
2024-09-13 12:12:14,349 - INFO - accuracy: 0.9295
2024-09-13 12:12:14,349 - INFO - loss: 0.2310
2024-09-13 12:12:14,349 - INFO - val_accuracy: 0.8806
2024-09-13 12:12:14,349 - INFO - val_loss: 0.4090
2024-09-13 12:12:21,777 - INFO - Epoch 8/30
2024-09-13 12:12:21,777 - INFO - accuracy: 0.9312
2024-09-13 12:12:21,777 - INFO - loss: 0.2189
2024-09-13 12:12:21,777 - INFO - val_accuracy: 0.9104
2024-09-13 12:12:21,777 - INFO - val_loss: 0.3107
2024-09-13 12:12:29,334 - INFO - Epoch 9/30
2024-09-13 12:12:29,334 - INFO - accuracy: 0.9279
2024-09-13 12:12:29,334 - INFO - loss: 0.2040
2024-09-13 12:12:29,334 - INFO - val_accuracy: 0.9104
2024-09-13 12:12:29,334 - INFO - val_loss: 0.3077
2024-09-13 12:12:38,645 - INFO - Epoch 10/30
2024-09-13 12:12:38,645 - INFO - accuracy: 0.9312
2024-09-13 12:12:38,645 - INFO - loss: 0.2035
2024-09-13 12:12:38,645 - INFO - val_accuracy: 0.9104
2024-09-13 12:12:38,645 - INFO - val_loss: 0.2671
2024-09-13 12:12:47,004 - INFO - Epoch 11/30
2024-09-13 12:12:47,004 - INFO - accuracy: 0.9295
2024-09-13 12:12:47,004 - INFO - loss: 0.2013
2024-09-13 12:12:47,004 - INFO - val_accuracy: 0.9104
2024-09-13 12:12:47,004 - INFO - val_loss: 0.2717
2024-09-13 12:13:01,563 - INFO - Epoch 12/30
2024-09-13 12:13:01,563 - INFO - accuracy: 0.9513
2024-09-13 12:13:01,579 - INFO - loss: 0.1446
2024-09-13 12:13:01,579 - INFO - val_accuracy: 0.9104
2024-09-13 12:13:01,579 - INFO - val_loss: 0.2698
2024-09-13 12:13:20,168 - INFO - Epoch 13/30
2024-09-13 12:13:20,168 - INFO - accuracy: 0.9547
2024-09-13 12:13:20,168 - INFO - loss: 0.1398
2024-09-13 12:13:20,168 - INFO - val_accuracy: 0.8955
2024-09-13 12:13:20,168 - INFO - val_loss: 0.3057
2024-09-13 12:13:38,249 - INFO - Epoch 14/30
2024-09-13 12:13:38,249 - INFO - accuracy: 0.9581
2024-09-13 12:13:38,249 - INFO - loss: 0.1168
2024-09-13 12:13:38,249 - INFO - val_accuracy: 0.8657
2024-09-13 12:13:38,249 - INFO - val_loss: 0.3753
2024-09-13 12:14:06,858 - INFO - Train accuracy = 0.9681
2024-09-13 12:14:06,858 - INFO - Validation accuracy = 0.9104
2024-09-13 12:14:06,858 - INFO - Test accuracy = 0.9658
2024-09-13 12:14:06,858 - INFO - F1 score = 0.9657
2024-09-13 12:14:06,858 - INFO - Kappa score = 0.9414
2024-09-13 12:14:06,858 - INFO - ROC AUC score = 0.9888
2024-09-13 12:14:07,141 - WARNING - Clipping input data to the valid range for imshow with RGB data ([0..1] for floats or [0..255] for integers).
2024-09-13 12:14:19,307 - WARNING - You are saving your model as an HDF5 file via `model.save()` or `keras.saving.save_model(model)`. This file format is considered legacy. We recommend using instead the native Keras format, e.g. `model.save('my_model.keras')` or `keras.saving.save_model(model, 'my_model.keras')`. 
2024-09-13 12:14:19,659 - INFO - Training and evaluation complete
